AM05      42.9773   13.3528 ********* *********       0       0       6      13    0.0000    0.0637   1
ARRO      42.5792   12.7657    0.0000    0.0000       0       0       3       2    0.0000    0.0786   1
CAMP      42.5358   13.4090   -0.0000   -0.0000       0       0      40     381    0.0000    0.0421   1
CESI      43.0048   12.9047    0.0000    0.0000       0       0      20     250    0.0000    0.0961   1
CSP1      43.0918   13.2048 *********    0.0000       0       0      74     191    0.0000    0.0804   1
FDMO      43.0365   13.0873    0.0000    0.0000       0       0      45      91    0.0000    0.0885   1
FEMA      42.9622   13.0498   -0.0000   -0.0000       0       0       3       7    0.0000    0.0866   1
GIGS      42.4500   13.5690    0.0000    0.0000       0       0       2      43    0.0000    0.0850   1
GUMA      43.0627   13.3352   -0.0000 *********       0       0      12       5    0.0000    0.1052   1
MC2       42.9127   13.1905    0.0000    0.0000       0       0     160      65    0.0000    0.0557   1
MDAR      43.1927   13.1427   -0.0000   -0.0000       0       0       0       1    0.0000    0.1453   1
MMO1      42.8993   13.3268    0.0000    0.0000       0       0     580     865    0.0000    0.0670   1
NRCA      42.8335   13.1143    0.0000    0.0000       0       0     733     429    0.0000    0.0565   1
RM33      42.5090   13.2145   -0.0000   -0.0000       0       0      71     368    0.0000    0.0612   1
SMA1      42.6305   13.3353    0.0000    0.0000       0       0     634     317    0.0000    0.0620   1
T1201     42.6573   13.2508 *********   -0.0000       0       0     688     411    0.0000    0.0545   1
T1202     42.7035   13.2248    0.0000    0.0000       0       0     194     192    0.0000    0.0719   1
T1204     42.6760   13.3167    0.0000   -0.0000       0       0     541     259    0.0000    0.0506   1
T1211     42.5328   12.8552    0.0000    0.0000       0       0       5      41    0.0000    0.0940   1
T1212     42.7515   13.0447   -0.0000   -0.0000       0       0     829     898    0.0000    0.0683   1
T1214     42.7595   13.2087    0.0000    0.0000       0       0     535     302    0.0000    0.0667   1
T1215     42.8018   12.8685   -0.0000   -0.0000       0       0     301     529    0.0000    0.0670   1
T1216     42.8907   13.0190    0.0000    0.0000       0       0     397     118    0.0000    0.0460   1
T1217     42.7118   12.9313 ********* *********       0       0      92     325    0.0000    0.0786   1
T1218     42.6700   13.1152    0.0000    0.0000       0       0     520     661    0.0000    0.0661   1
T1245     42.8565   13.1880    0.0000    0.0000       0       0     474     150    0.0000    0.0583   1
T1246     42.5833   13.4930 *********    0.0000       0       0     322    1086    0.0000    0.0635   1
T1247     42.4415   13.2983    0.0000    0.0000       0       0       0       1    0.0000    0.1476   1
T1299     42.6342   13.2822   -0.0000    0.0000       0       0     632     502    0.0000    0.0570   1
TERO      42.6228   13.6040    0.0000    0.0000       0       0     738     875    0.0000    0.0515   1
ED01      42.5264   13.0929 *********    0.0000       0       0      56      82    0.0000    0.0852   1
ED02      42.6035   12.9288    0.0000    0.0000       0       0     268     464    0.0000    0.0657   1
ED03      42.6030   13.1903   -0.0000   -0.0000       0       0     256     449    0.0000    0.0608   1
ED04      42.5743   13.2972    0.0000    0.0000       0       0      65     170    0.0000    0.0639   1
ED05      42.4835   13.3649    0.0000   -0.0000       0       0      80     297    0.0000    0.0809   1
ED06      42.4641   13.2277    0.0000    0.0000       0       0       3       9    0.0000    0.0872   1
ED07      42.6282   13.4517   -0.0000 *********       0       0     773     431    0.0000    0.0553   1
ED08      42.4589   13.0542    0.0000    0.0000       0       0       3       1    0.0000    0.1048   1
ED09      42.8001   13.4237    0.0000    0.0000       0       0     256     467    0.0000    0.0680   1
ED10      42.7771   13.1412    0.0000    0.0000       0       0     763     483    0.0000    0.0663   1
ED11      42.6884   13.0335   -0.0000   -0.0000       0       0     547     553    0.0000    0.0601   1
ED12      42.8064   12.9772    0.0000    0.0000       0       0     597     386    0.0000    0.0770   1
ED14      42.4449   13.4331   -0.0000 *********       0       0      45     131    0.0000    0.0638   1
ED15      42.5278   13.5581    0.0000    0.0000       0       0       6      41    0.0000    0.0745   1
ED16      42.8371   13.3071   -0.0000   -0.0000       0       0     228     680    0.0000    0.0724   1
ED17      42.9659   13.3086    0.0000    0.0000       0       0     923     639    0.0000    0.0619   1
ED18      42.9915   13.2432 ********* *********       0       0     275     521    0.0000    0.0761   1
ED19      42.9196   13.1392    0.0000    0.0000       0       0     754     477    0.0000    0.0713   1
ED20      42.7488   13.4353   -0.0000    0.0000       0       0     717     772    0.0000    0.0646   1
ED21      43.0301   13.2723    0.0000    0.0000       0       0     350     688    0.0000    0.0728   1
ED22      43.0068   13.3252 ********* *********       0       0       0     262    0.0000    0.0913   1
ED23      42.7432   13.2871    0.0000    0.0000       0       0       0       2    0.0000    0.0989   1
ED24      42.6556   13.1923 ********* *********       0       0     857     996    0.0000    0.0618   1
ED25      42.5988   13.3519    0.0000    0.0000       0       0     569     460    0.0000    0.0585   1
