(a4,f7.4,a1,1x,f8.4,a1,1x,i4,1x,i1,1x,i3,1x,f5.2,2x,f5.2)
AM0542.9773N  13.3528E    0 1   1  0.00   0.00
ARRO42.5792N  12.7657E    0 1   2  0.00   0.00
CAMP42.5358N  13.4090E    0 1   3  0.00   0.00
CESI43.0048N  12.9047E    0 1   4  0.00   0.00
CSP143.0918N  13.2048E    0 1   5  0.00   0.00
FDMO43.0365N  13.0873E    0 1   6  0.00   0.00
FEMA42.9622N  13.0498E    0 1   7  0.00   0.00
GIGS42.4500N  13.5690E    0 1   8  0.00   0.00
GUMA43.0627N  13.3352E    0 1   9  0.00   0.00
MC2 42.9127N  13.1905E    0 1  10  0.00   0.00
MDAR43.1927N  13.1427E    0 1  11  0.00   0.00
MMO142.8993N  13.3268E    0 1  12  0.00   0.00
MNTP43.1373N  13.4693E    0 1  13  0.00   0.00
NRCA42.8335N  13.1143E    0 1  14  0.00   0.00
OFFI42.9350N  13.6857E    0 1  15  0.00   0.00
RM3342.5090N  13.2145E    0 1  16  0.00   0.00
SEF143.1468N  12.9477E    0 1  17  0.00   0.00
SMA142.6305N  13.3353E    0 1  18  0.00   0.00
120142.6573N  13.2508E    0 1  19  0.00   0.00
120242.7035N  13.2248E    0 1  20  0.00   0.00
120442.6760N  13.3167E    0 1  21  0.00   0.00
121142.5328N  12.8552E    0 1  22  0.00   0.00
121242.7515N  13.0447E    0 1  23  0.00   0.00
121442.7595N  13.2087E    0 1  24  0.00   0.00
121542.8018N  12.8685E    0 1  25  0.00   0.00
121642.8907N  13.0190E    0 1  26  0.00   0.00
121742.7118N  12.9313E    0 1  27  0.00   0.00
121842.6700N  13.1152E    0 1  28  0.00   0.00
124142.8563N  13.4312E    0 1  29  0.00   0.00
124342.6965N  13.4483E    0 1  30  0.00   0.00
124442.7570N  13.2978E    0 1  31  0.00   0.00
124542.8565N  13.1880E    0 1  32  0.00   0.00
124642.5833N  13.4930E    0 1  33  0.00   0.00
124742.4415N  13.2983E    0 1  34  0.00   0.00
129942.6342N  13.2822E    0 1  35  0.00   0.00
TERO42.6228N  13.6040E    0 1  36  0.00   0.00
ED0142.5264N  13.0929E    0 1  37  0.00   0.00
ED0242.6035N  12.9288E    0 1  38  0.00   0.00
ED0342.6030N  13.1903E    0 1  39  0.00   0.00
ED0442.5743N  13.2972E    0 1  40  0.00   0.00
ED0542.4835N  13.3649E    0 1  41  0.00   0.00
ED0642.4641N  13.2277E    0 1  42  0.00   0.00
ED0742.6282N  13.4517E    0 1  43  0.00   0.00
ED0842.4589N  13.0542E    0 1  44  0.00   0.00
ED0942.8001N  13.4237E    0 1  45  0.00   0.00
ED1042.7771N  13.1412E    0 1  46  0.00   0.00
ED1142.6884N  13.0335E    0 1  47  0.00   0.00
ED1242.8064N  12.9772E    0 1  48  0.00   0.00
ED1442.4449N  13.4331E    0 1  49  0.00   0.00
ED1542.5278N  13.5581E    0 1  50  0.00   0.00
ED1642.8371N  13.3071E    0 1  51  0.00   0.00
ED1742.9659N  13.3086E    0 1  52  0.00   0.00
ED1842.9915N  13.2432E    0 1  53  0.00   0.00
ED1942.9196N  13.1392E    0 1  54  0.00   0.00
ED2042.7488N  13.4353E    0 1  55  0.00   0.00
ED2143.0301N  13.2723E    0 1  56  0.00   0.00
ED2243.0068N  13.3252E    0 1  57  0.00   0.00
ED2342.7432N  13.2871E    0 1  58  0.00   0.00
ED2442.6556N  13.1923E    0 1  59  0.00   0.00
ED2542.5988N  13.3519E    0 1  60  0.00   0.00

