13.0929 42.5264 YR ED01 HHZ 0.739
12.9288 42.6035 YR ED02 HHZ 0.831
13.1903 42.6030 YR ED03 HHZ 1.053
13.2972 42.5743 YR ED04 HHZ 1.303
13.3649 42.4835 YR ED05 HHZ 1.187
13.2277 42.4641 YR ED06 HHZ 0.925
13.4517 42.6282 YR ED07 HHZ 1.025
13.0542 42.4589 YR ED08 HHZ 1.016
13.4237 42.8001 YR ED09 HHZ 0.466
13.1412 42.7771 YR ED10 HHZ 0.822
13.0335 42.6884 YR ED11 HHZ 0.975
12.9772 42.8064 YR ED12 HHZ 1.127
13.4331 42.4449 YR ED14 HHZ 1.23
13.5581 42.5278 YR ED15 HHZ 1.012
13.3071 42.8371 YR ED16 HHZ 1.039
13.3086 42.9659 YR ED17 HHZ 0.815
13.2432 42.9915 YR ED18 HHZ 1.355
13.1392 42.9196 YR ED19 HHZ 1.223
13.4353 42.7488 YR ED20 HHZ 0.892
13.2723 43.0301 YR ED21 HHZ 0.72
13.3252 43.0068 YR ED22 HHZ 0.62
13.2871 42.7432 YR ED23 HHZ 1.045
13.1923 42.6556 YR ED24 HHZ 1.104
13.3519 42.5988 YR ED25 HHZ 1.353
